2026-06-25 16:42:24,407 | INFO | Checking GitHub...
2026-06-25 16:42:24,645 | INFO | GitHub is healthy | status_code=200 | response_time=0.24s
2026-06-25 16:42:24,647 | INFO | Checking JSONPlaceholder...
2026-06-25 16:42:25,169 | INFO | JSONPlaceholder is healthy | status_code=200 | response_time=0.52s
2026-06-25 16:42:25,170 | INFO | Checking HTTPBin...
2026-06-25 16:42:30,891 | WARNING | HTTPBin timed out after 5s
2026-06-25 16:46:59,808 | INFO | Checking GitHub...
2026-06-25 16:46:59,808 | INFO | Checking GitHub...
2026-06-25 16:47:00,000 | INFO | GitHub is healthy | status_code=200 | response_time=0.19s
2026-06-25 16:47:00,000 | INFO | GitHub is healthy | status_code=200 | response_time=0.19s
2026-06-25 16:47:00,002 | INFO | Checking JSONPlaceholder...
2026-06-25 16:47:00,002 | INFO | Checking JSONPlaceholder...
2026-06-25 16:47:00,214 | INFO | JSONPlaceholder is healthy | status_code=200 | response_time=0.21s
2026-06-25 16:47:00,214 | INFO | JSONPlaceholder is healthy | status_code=200 | response_time=0.21s
2026-06-25 16:47:00,215 | INFO | Checking HTTPBin...
2026-06-25 16:47:00,215 | INFO | Checking HTTPBin...
2026-06-25 16:47:00,972 | INFO | HTTPBin is healthy | status_code=503 | response_time=0.76s
2026-06-25 16:47:00,972 | INFO | HTTPBin is healthy | status_code=503 | response_time=0.76s
2026-06-25 16:47:00,973 | INFO | Generating report...
2026-06-25 16:47:00,973 | INFO | Generating report...
2026-06-25 16:47:00,976 | INFO | Report done | healthy=3 unhealthy=0
2026-06-25 16:47:00,976 | INFO | Report done | healthy=3 unhealthy=0
2026-06-25 16:48:18,368 | INFO | Checking GitHub...
2026-06-25 16:48:18,567 | INFO | GitHub is healthy | status_code=200 | response_time=0.2s
2026-06-25 16:48:18,568 | INFO | Checking JSONPlaceholder...
2026-06-25 16:48:18,769 | INFO | JSONPlaceholder is healthy | status_code=200 | response_time=0.2s
2026-06-25 16:48:18,770 | INFO | Checking HTTPBin...
2026-06-25 16:48:19,494 | INFO | HTTPBin is healthy | status_code=503 | response_time=0.72s
2026-06-25 16:48:19,495 | INFO | Generating report...
2026-06-25 16:48:19,496 | INFO | Report done | healthy=3 unhealthy=0
2026-06-25 16:54:31,059 | INFO | Checking GitHub...
2026-06-25 16:54:31,059 | INFO | GitHub is healthy | status_code=200 | response_time=0.0s
2026-06-25 16:54:31,060 | INFO | Checking GitHub...
2026-06-25 16:54:31,061 | WARNING | GitHub timed out after 5s
2026-06-25 16:54:31,062 | INFO | Checking GitHub...
2026-06-25 16:54:31,062 | ERROR | GitHub connection failed
2026-06-25 16:57:07,163 | INFO | Checking GitHub...
2026-06-25 16:57:07,164 | INFO | GitHub is healthy | status_code=200 | response_time=0.0s
2026-06-25 16:57:07,165 | INFO | Checking GitHub...
2026-06-25 16:57:07,165 | WARNING | GitHub timed out after 5s
2026-06-25 16:57:07,166 | INFO | Checking GitHub...
2026-06-25 16:57:07,166 | ERROR | GitHub connection failed
2026-06-25 16:57:25,366 | INFO | Checking GitHub...
2026-06-25 16:57:25,367 | INFO | GitHub is healthy | status_code=200 | response_time=0.0s
2026-06-25 16:57:25,368 | INFO | Checking GitHub...
2026-06-25 16:57:25,368 | WARNING | GitHub timed out after 5s
2026-06-25 16:57:25,369 | INFO | Checking GitHub...
2026-06-25 16:57:25,369 | ERROR | GitHub connection failed
2026-06-25 16:59:35,580 | INFO | Checking GitHub...
2026-06-25 16:59:35,580 | INFO | GitHub is healthy | status_code=200 | response_time=0.0s
2026-06-25 16:59:35,581 | INFO | Checking GitHub...
2026-06-25 16:59:35,582 | WARNING | GitHub timed out after 5s
2026-06-25 16:59:35,583 | INFO | Checking GitHub...
2026-06-25 16:59:35,583 | ERROR | GitHub connection failed
